<?xml version="1.0" encoding="UTF-8"?>
<testng-results skipped="0" failed="0" ignored="0" total="1" passed="1">
  <reporter-output>
  </reporter-output>
  <suite name="Default suite" duration-ms="50214" started-at="2023-08-26T14:04:57 EDT" finished-at="2023-08-26T14:05:47 EDT">
    <groups>
    </groups>
    <test name="Default test" duration-ms="50214" started-at="2023-08-26T14:04:57 EDT" finished-at="2023-08-26T14:05:47 EDT">
      <class name="test.GoogleSearchPage">
        <test-method status="PASS" signature="searchPage()[pri:0, instance:test.GoogleSearchPage@6c49835d]" name="searchPage" duration-ms="50189" started-at="2023-08-26T14:04:57 EDT" finished-at="2023-08-26T14:05:47 EDT">
          <reporter-output>
          </reporter-output>
        </test-method> <!-- searchPage -->
      </class> <!-- test.GoogleSearchPage -->
    </test> <!-- Default test -->
  </suite> <!-- Default suite -->
</testng-results>
